[INFO] [2018-10-22 23:26:43][org.springframework.beans.factory.xml.XmlBeanDefinitionReader]Loading XML bean definitions from class path resource [applicationContext.xml]
 [INFO] [2018-10-22 23:26:44][org.springframework.beans.factory.xml.XmlBeanDefinitionReader]Loading XML bean definitions from class path resource [shiro-context.xml]
 [INFO] [2018-10-22 23:26:44][org.springframework.context.support.GenericApplicationContext]Refreshing org.springframework.context.support.GenericApplicationContext@36f6e879: startup date [Mon Oct 22 23:26:44 CST 2018]; root of context hierarchy
 [INFO] [2018-10-22 23:26:44][org.springframework.beans.factory.config.PropertyPlaceholderConfigurer]Loading properties file from class path resource [jdbc.properties]
 [INFO] [2018-10-22 23:26:44][org.springframework.beans.factory.annotation.AutowiredAnnotationBeanPostProcessor]JSR-330 'javax.inject.Inject' annotation found and supported for autowiring
 [INFO] [2018-10-22 23:26:44][org.springframework.context.support.PostProcessorRegistrationDelegate$BeanPostProcessorChecker]Bean 'org.springframework.aop.support.DefaultBeanFactoryPointcutAdvisor#0' of type [class org.springframework.aop.support.DefaultBeanFactoryPointcutAdvisor] is not eligible for getting processed by all BeanPostProcessors (for example: not eligible for auto-proxying)
 [ERROR] [2018-10-22 23:26:44][org.springframework.test.context.TestContextManager]Caught exception while allowing TestExecutionListener [org.springframework.test.context.support.DependencyInjectionTestExecutionListener@4487c0c2] to prepare test instance [com.test.MapperTest@126f1ba8]
 java.lang.IllegalStateException: Failed to load ApplicationContext
	at org.springframework.test.context.CacheAwareContextLoaderDelegate.loadContext(CacheAwareContextLoaderDelegate.java:99)
	at org.springframework.test.context.DefaultTestContext.getApplicationContext(DefaultTestContext.java:101)
	at org.springframework.test.context.support.DependencyInjectionTestExecutionListener.injectDependencies(DependencyInjectionTestExecutionListener.java:109)
	at org.springframework.test.context.support.DependencyInjectionTestExecutionListener.prepareTestInstance(DependencyInjectionTestExecutionListener.java:75)
	at org.springframework.test.context.TestContextManager.prepareTestInstance(TestContextManager.java:319)
	at org.springframework.test.context.junit4.SpringJUnit4ClassRunner.createTest(SpringJUnit4ClassRunner.java:212)
	at org.springframework.test.context.junit4.SpringJUnit4ClassRunner$1.runReflectiveCall(SpringJUnit4ClassRunner.java:289)
	at org.junit.internal.runners.model.ReflectiveCallable.run(ReflectiveCallable.java:12)
	at org.springframework.test.context.junit4.SpringJUnit4ClassRunner.methodBlock(SpringJUnit4ClassRunner.java:291)
	at org.springframework.test.context.junit4.SpringJUnit4ClassRunner.runChild(SpringJUnit4ClassRunner.java:232)
	at org.springframework.test.context.junit4.SpringJUnit4ClassRunner.runChild(SpringJUnit4ClassRunner.java:89)
	at org.junit.runners.ParentRunner$3.run(ParentRunner.java:238)
	at org.junit.runners.ParentRunner$1.schedule(ParentRunner.java:63)
	at org.junit.runners.ParentRunner.runChildren(ParentRunner.java:236)
	at org.junit.runners.ParentRunner.access$000(ParentRunner.java:53)
	at org.junit.runners.ParentRunner$2.evaluate(ParentRunner.java:229)
	at org.springframework.test.context.junit4.statements.RunBeforeTestClassCallbacks.evaluate(RunBeforeTestClassCallbacks.java:61)
	at org.springframework.test.context.junit4.statements.RunAfterTestClassCallbacks.evaluate(RunAfterTestClassCallbacks.java:71)
	at org.junit.runners.ParentRunner.run(ParentRunner.java:309)
	at org.springframework.test.context.junit4.SpringJUnit4ClassRunner.run(SpringJUnit4ClassRunner.java:175)
	at org.eclipse.jdt.internal.junit4.runner.JUnit4TestReference.run(JUnit4TestReference.java:86)
	at org.eclipse.jdt.internal.junit.runner.TestExecution.run(TestExecution.java:38)
	at org.eclipse.jdt.internal.junit.runner.RemoteTestRunner.runTests(RemoteTestRunner.java:539)
	at org.eclipse.jdt.internal.junit.runner.RemoteTestRunner.runTests(RemoteTestRunner.java:761)
	at org.eclipse.jdt.internal.junit.runner.RemoteTestRunner.run(RemoteTestRunner.java:461)
	at org.eclipse.jdt.internal.junit.runner.RemoteTestRunner.main(RemoteTestRunner.java:207)
Caused by: org.springframework.beans.factory.BeanCreationException: Error creating bean with name 'shiroFilter' defined in class path resource [shiro-context.xml]: Cannot resolve reference to bean 'securityManager' while setting bean property 'securityManager'; nested exception is org.springframework.beans.factory.BeanCreationException: Error creating bean with name 'securityManager' defined in class path resource [shiro-context.xml]: Cannot resolve reference to bean 'myShiroRealm' while setting bean property 'realm'; nested exception is org.springframework.beans.factory.CannotLoadBeanClassException: Cannot find class [com.Shiro.MyShiroReaml] for bean with name 'myShiroRealm' defined in class path resource [shiro-context.xml]; nested exception is java.lang.ClassNotFoundException: com.Shiro.MyShiroReaml
Related cause: org.springframework.beans.factory.CannotLoadBeanClassException: Cannot find class [com.Shiro.MyShiroReaml] for bean with name 'myShiroRealm' defined in class path resource [shiro-context.xml]; nested exception is java.lang.ClassNotFoundException: com.Shiro.MyShiroReaml
Related cause: org.springframework.beans.factory.CannotLoadBeanClassException: Cannot find class [com.Service.Impl.ShiroServiceImpl] for bean with name 'accountService' defined in class path resource [shiro-context.xml]; nested exception is java.lang.ClassNotFoundException: com.Service.Impl.ShiroServiceImpl
	at org.springframework.beans.factory.support.BeanDefinitionValueResolver.resolveReference(BeanDefinitionValueResolver.java:328)
	at org.springframework.beans.factory.support.BeanDefinitionValueResolver.resolveValueIfNecessary(BeanDefinitionValueResolver.java:107)
	at org.springframework.beans.factory.support.AbstractAutowireCapableBeanFactory.applyPropertyValues(AbstractAutowireCapableBeanFactory.java:1456)
	at org.springframework.beans.factory.support.AbstractAutowireCapableBeanFactory.populateBean(AbstractAutowireCapableBeanFactory.java:1197)
	at org.springframework.beans.factory.support.AbstractAutowireCapableBeanFactory.doCreateBean(AbstractAutowireCapableBeanFactory.java:537)
	at org.springframework.beans.factory.support.AbstractAutowireCapableBeanFactory.createBean(AbstractAutowireCapableBeanFactory.java:475)
	at org.springframework.beans.factory.support.AbstractBeanFactory$1.getObject(AbstractBeanFactory.java:304)
	at org.springframework.beans.factory.support.DefaultSingletonBeanRegistry.getSingleton(DefaultSingletonBeanRegistry.java:228)
	at org.springframework.beans.factory.support.AbstractBeanFactory.doGetBean(AbstractBeanFactory.java:300)
	at org.springframework.beans.factory.support.AbstractBeanFactory.getBean(AbstractBeanFactory.java:200)
	at org.springframework.context.support.PostProcessorRegistrationDelegate.registerBeanPostProcessors(PostProcessorRegistrationDelegate.java:232)
	at org.springframework.context.support.AbstractApplicationContext.registerBeanPostProcessors(AbstractApplicationContext.java:618)
	at org.springframework.context.support.AbstractApplicationContext.refresh(AbstractApplicationContext.java:467)
	at org.springframework.test.context.support.AbstractGenericContextLoader.loadContext(AbstractGenericContextLoader.java:121)
	at org.springframework.test.context.support.AbstractGenericContextLoader.loadContext(AbstractGenericContextLoader.java:60)
	at org.springframework.test.context.support.AbstractDelegatingSmartContextLoader.delegateLoading(AbstractDelegatingSmartContextLoader.java:100)
	at org.springframework.test.context.support.AbstractDelegatingSmartContextLoader.loadContext(AbstractDelegatingSmartContextLoader.java:250)
	at org.springframework.test.context.CacheAwareContextLoaderDelegate.loadContextInternal(CacheAwareContextLoaderDelegate.java:64)
	at org.springframework.test.context.CacheAwareContextLoaderDelegate.loadContext(CacheAwareContextLoaderDelegate.java:91)
	... 25 more
Caused by: org.springframework.beans.factory.BeanCreationException: Error creating bean with name 'securityManager' defined in class path resource [shiro-context.xml]: Cannot resolve reference to bean 'myShiroRealm' while setting bean property 'realm'; nested exception is org.springframework.beans.factory.CannotLoadBeanClassException: Cannot find class [com.Shiro.MyShiroReaml] for bean with name 'myShiroRealm' defined in class path resource [shiro-context.xml]; nested exception is java.lang.ClassNotFoundException: com.Shiro.MyShiroReaml
	at org.springframework.beans.factory.support.BeanDefinitionValueResolver.resolveReference(BeanDefinitionValueResolver.java:328)
	at org.springframework.beans.factory.support.BeanDefinitionValueResolver.resolveValueIfNecessary(BeanDefinitionValueResolver.java:107)
	at org.springframework.beans.factory.support.AbstractAutowireCapableBeanFactory.applyPropertyValues(AbstractAutowireCapableBeanFactory.java:1456)
	at org.springframework.beans.factory.support.AbstractAutowireCapableBeanFactory.populateBean(AbstractAutowireCapableBeanFactory.java:1197)
	at org.springframework.beans.factory.support.AbstractAutowireCapableBeanFactory.doCreateBean(AbstractAutowireCapableBeanFactory.java:537)
	at org.springframework.beans.factory.support.AbstractAutowireCapableBeanFactory.createBean(AbstractAutowireCapableBeanFactory.java:475)
	at org.springframework.beans.factory.support.AbstractBeanFactory$1.getObject(AbstractBeanFactory.java:304)
	at org.springframework.beans.factory.support.DefaultSingletonBeanRegistry.getSingleton(DefaultSingletonBeanRegistry.java:228)
	at org.springframework.beans.factory.support.AbstractBeanFactory.doGetBean(AbstractBeanFactory.java:300)
	at org.springframework.beans.factory.support.AbstractBeanFactory.getBean(AbstractBeanFactory.java:195)
	at org.springframework.beans.factory.support.BeanDefinitionValueResolver.resolveReference(BeanDefinitionValueResolver.java:320)
	... 43 more
Caused by: org.springframework.beans.factory.CannotLoadBeanClassException: Cannot find class [com.Shiro.MyShiroReaml] for bean with name 'myShiroRealm' defined in class path resource [shiro-context.xml]; nested exception is java.lang.ClassNotFoundException: com.Shiro.MyShiroReaml
	at org.springframework.beans.factory.support.AbstractBeanFactory.resolveBeanClass(AbstractBeanFactory.java:1327)
	at org.springframework.beans.factory.support.AbstractAutowireCapableBeanFactory.createBean(AbstractAutowireCapableBeanFactory.java:452)
	at org.springframework.beans.factory.support.AbstractBeanFactory$1.getObject(AbstractBeanFactory.java:304)
	at org.springframework.beans.factory.support.DefaultSingletonBeanRegistry.getSingleton(DefaultSingletonBeanRegistry.java:228)
	at org.springframework.beans.factory.support.AbstractBeanFactory.doGetBean(AbstractBeanFactory.java:300)
	at org.springframework.beans.factory.support.AbstractBeanFactory.getBean(AbstractBeanFactory.java:195)
	at org.springframework.beans.factory.support.BeanDefinitionValueResolver.resolveReference(BeanDefinitionValueResolver.java:320)
	... 53 more
Caused by: java.lang.ClassNotFoundException: com.Shiro.MyShiroReaml
	at java.net.URLClassLoader.findClass(Unknown Source)
	at java.lang.ClassLoader.loadClass(Unknown Source)
	at sun.misc.Launcher$AppClassLoader.loadClass(Unknown Source)
	at java.lang.ClassLoader.loadClass(Unknown Source)
	at org.springframework.util.ClassUtils.forName(ClassUtils.java:236)
	at org.springframework.beans.factory.support.AbstractBeanDefinition.resolveBeanClass(AbstractBeanDefinition.java:392)
	at org.springframework.beans.factory.support.AbstractBeanFactory.doResolveBeanClass(AbstractBeanFactory.java:1348)
	at org.springframework.beans.factory.support.AbstractBeanFactory.resolveBeanClass(AbstractBeanFactory.java:1319)
	... 59 more
[INFO] [2018-10-22 23:27:47][org.springframework.beans.factory.xml.XmlBeanDefinitionReader]Loading XML bean definitions from class path resource [applicationContext.xml]
 [INFO] [2018-10-22 23:27:48][org.springframework.beans.factory.xml.XmlBeanDefinitionReader]Loading XML bean definitions from class path resource [shiro-context.xml]
 [INFO] [2018-10-22 23:27:48][org.springframework.context.support.GenericApplicationContext]Refreshing org.springframework.context.support.GenericApplicationContext@36f6e879: startup date [Mon Oct 22 23:27:48 CST 2018]; root of context hierarchy
 [INFO] [2018-10-22 23:27:48][org.springframework.beans.factory.config.PropertyPlaceholderConfigurer]Loading properties file from class path resource [jdbc.properties]
 [INFO] [2018-10-22 23:27:48][org.springframework.beans.factory.annotation.AutowiredAnnotationBeanPostProcessor]JSR-330 'javax.inject.Inject' annotation found and supported for autowiring
 [INFO] [2018-10-22 23:27:49][org.springframework.context.support.GenericApplicationContext]Closing org.springframework.context.support.GenericApplicationContext@36f6e879: startup date [Mon Oct 22 23:27:48 CST 2018]; root of context hierarchy
 [WARN] [2018-10-22 23:27:49][org.springframework.beans.factory.support.DisposableBeanAdapter]Invocation of destroy method 'close' failed on bean with name 'sqlSession': java.lang.UnsupportedOperationException: Manual close is not allowed over a Spring managed SqlSession
 [WARN] [2019-01-30 09:39:08][net.sf.json.JSONObject]Tried to assign property expires_in:java.lang.Integer to bean of class com.bean.WechatToken
 [WARN] [2019-01-30 09:41:21][net.sf.json.JSONObject]Tried to assign property expires_in:java.lang.Integer to bean of class com.bean.WechatToken
 [WARN] [2019-01-30 09:45:07][net.sf.json.JSONObject]Tried to assign property expires_in:java.lang.Integer to bean of class com.bean.WechatToken
 [WARN] [2019-02-13 13:33:44][net.sf.json.JSONObject]Tried to assign property errcode:java.lang.Integer to bean of class com.pojo.WXToken
 [WARN] [2019-02-13 13:33:44][net.sf.json.JSONObject]Tried to assign property errmsg:java.lang.String to bean of class com.pojo.WXToken
 [WARN] [2019-02-13 13:33:44][net.sf.json.JSONObject]Tried to assign property errcode:java.lang.Integer to bean of class com.pojo.WXUserListOpenid
 [WARN] [2019-02-13 13:33:44][net.sf.json.JSONObject]Tried to assign property errmsg:java.lang.String to bean of class com.pojo.WXUserListOpenid
 [WARN] [2019-02-13 13:34:22][net.sf.json.JSONObject]Tried to assign property errcode:java.lang.Integer to bean of class com.pojo.WXToken
 [WARN] [2019-02-13 13:34:22][net.sf.json.JSONObject]Tried to assign property errmsg:java.lang.String to bean of class com.pojo.WXToken
 [WARN] [2019-02-13 13:34:22][net.sf.json.JSONObject]Tried to assign property errcode:java.lang.Integer to bean of class com.pojo.WXUserListOpenid
 [WARN] [2019-02-13 13:34:22][net.sf.json.JSONObject]Tried to assign property errmsg:java.lang.String to bean of class com.pojo.WXUserListOpenid
 [WARN] [2019-02-16 17:25:46][net.sf.json.JSONObject]Tried to assign property errcode:java.lang.Integer to bean of class com.pojo.WXToken
 [WARN] [2019-02-16 17:25:46][net.sf.json.JSONObject]Tried to assign property errmsg:java.lang.String to bean of class com.pojo.WXToken
 [WARN] [2019-02-16 17:25:46][net.sf.json.JSONObject]Tried to assign property errcode:java.lang.Integer to bean of class com.pojo.WXUserListOpenid
 [WARN] [2019-02-16 17:25:46][net.sf.json.JSONObject]Tried to assign property errmsg:java.lang.String to bean of class com.pojo.WXUserListOpenid
 [WARN] [2019-02-16 17:26:11][net.sf.json.JSONObject]Tried to assign property errcode:java.lang.Integer to bean of class com.pojo.WXToken
 [WARN] [2019-02-16 17:26:11][net.sf.json.JSONObject]Tried to assign property errmsg:java.lang.String to bean of class com.pojo.WXToken
 [WARN] [2019-02-16 17:26:11][net.sf.json.JSONObject]Tried to assign property errcode:java.lang.Integer to bean of class com.pojo.WXUserListOpenid
 [WARN] [2019-02-16 17:26:11][net.sf.json.JSONObject]Tried to assign property errmsg:java.lang.String to bean of class com.pojo.WXUserListOpenid
 [WARN] [2019-03-14 14:31:34][net.sf.json.JSONObject]Tried to assign property errcode:java.lang.Integer to bean of class com.pojo.WXToken
 [WARN] [2019-03-14 14:31:34][net.sf.json.JSONObject]Tried to assign property errmsg:java.lang.String to bean of class com.pojo.WXToken
 [WARN] [2019-03-14 14:31:34][net.sf.json.JSONObject]Tried to assign property errcode:java.lang.Integer to bean of class com.pojo.WXUserListOpenid
 [WARN] [2019-03-14 14:31:34][net.sf.json.JSONObject]Tried to assign property errmsg:java.lang.String to bean of class com.pojo.WXUserListOpenid
 [WARN] [2019-03-14 14:32:48][net.sf.json.JSONObject]Tried to assign property errcode:java.lang.Integer to bean of class com.pojo.WXToken
 [WARN] [2019-03-14 14:32:48][net.sf.json.JSONObject]Tried to assign property errmsg:java.lang.String to bean of class com.pojo.WXToken
 [WARN] [2019-03-14 14:32:48][net.sf.json.JSONObject]Tried to assign property errcode:java.lang.Integer to bean of class com.pojo.WXUserListOpenid
 [WARN] [2019-03-14 14:32:48][net.sf.json.JSONObject]Tried to assign property errmsg:java.lang.String to bean of class com.pojo.WXUserListOpenid
 [WARN] [2019-03-14 14:33:52][net.sf.json.JSONObject]Tried to assign property errcode:java.lang.Integer to bean of class com.pojo.WXToken
 [WARN] [2019-03-14 14:33:52][net.sf.json.JSONObject]Tried to assign property errmsg:java.lang.String to bean of class com.pojo.WXToken
 [WARN] [2019-03-14 14:33:52][net.sf.json.JSONObject]Tried to assign property errcode:java.lang.Integer to bean of class com.pojo.WXUserListOpenid
 [WARN] [2019-03-14 14:33:52][net.sf.json.JSONObject]Tried to assign property errmsg:java.lang.String to bean of class com.pojo.WXUserListOpenid
 